nohup: ignoring input
============================================================
WAM v2 — World Action Model with Temporal Dynamics
============================================================

[1/6] Loading multi-lap data (downsample=10, dt=0.050s = 20Hz)...
    Lap_0: 2231 pts (ds=10) -> train=1561, val=670
    Lap_1: 2145 pts (ds=10) -> train=1501, val=644
    skip VehicleDynamicsDataset_Nov2023_2023-11_10.csv (partial lap)
    Lap_11: 2351 pts (ds=10) -> train=1645, val=706
    Lap_2: 2129 pts (ds=10) -> train=1490, val=639
    Lap_3: 2207 pts (ds=10) -> train=1544, val=663
    Lap_4: 2225 pts (ds=10) -> train=1557, val=668
    skip VehicleDynamicsDataset_Nov2023_2023-11_5.csv (partial lap)
    Lap_6: 2701 pts (ds=10) -> train=1890, val=811
    Lap_7: 2501 pts (ds=10) -> train=1750, val=751
    Lap_8: 2221 pts (ds=10) -> train=1554, val=667
    Lap_9: 2891 pts (ds=10) -> train=2023, val=868
  Total: train=16515, val=7087 (10 laps)
  State dim: 17, Obs dim: 13, Action dim: 6
  Seq len: 64 (3.2s)
  Train sequences: 15875
  Val sequences: 6447
  Scheduled Sampling: epoch 15-140, max=0.2
  Curriculum rollout: 5->40 steps (0.2s->2.0s), weight=0.15
  Dream val: 400 steps (20.0s) every 10 epochs
  No early stopping. Checkpoints every 100 epochs.
  Device: cuda

[2/6] Building WAM v2...
  Obs encoder input: 13d (dynamic-only + sin/cos yaw)
  Temporal backend: mamba
  SSM: d_model=128, layers=4, state_dim=128
  Decoder hidden: 256
  Parameters: 916,363

[3/6] Training with curriculum rollout + scheduled sampling...
  Mamba CUDA kernel unavailable on this GPU, falling back to PyTorch SSM.
  Epoch   1/200 | train=0.423806 | val=0.380610 | dream=338.81m | rollout_k=5 | lr=6.0e-05 | ss=0.00 | traj_w=0.20 *
  Epoch  10/200 | train=0.244133 | val=0.245848 | dream=184.06m | rollout_k=5 | lr=3.0e-04 | ss=0.00 | traj_w=0.25 *
  Epoch  20/200 | train=0.208848 | val=0.205037 | dream=73.27m | rollout_k=5 | lr=3.0e-04 | ss=0.01 | traj_w=0.30 *
